# JRE version: Java(TM) SE Runtime Environment (8.0_60-b27) (build 1.8.0_60-b27)
# Java VM: Java HotSpot(TM) 64-Bit Server VM (25.60-b23 mixed mode bsd-amd64 compressed oops)
Heap:
 PSYoungGen      total 54272K, used 53312K [0x000000076ab00000, 0x000000076f380000, 0x00000007c0000000)
  eden space 53248K, 100% used [0x000000076ab00000,0x000000076df00000,0x000000076df00000)
  from space 1024K, 6% used [0x000000076f180000,0x000000076f190000,0x000000076f280000)
  to   space 1024K, 0% used [0x000000076f280000,0x000000076f280000,0x000000076f380000)
 ParOldGen       total 175104K, used 428K [0x00000006c0000000, 0x00000006cab00000, 0x000000076ab00000)
  object space 175104K, 0% used [0x00000006c0000000,0x00000006c006b060,0x00000006cab00000)
 Metaspace       used 2906K, capacity 4572K, committed 4864K, reserved 1056768K
  class space    used 307K, capacity 392K, committed 512K, reserved 1048576K
GC Heap History (10 events):
Event: 43.787 GC heap before
{Heap before GC invocations=11 (full 0):
 PSYoungGen      total 58880K, used 58432K [0x000000076ab00000, 0x000000076f480000, 0x00000007c0000000)
  eden space 58368K, 100% used [0x000000076ab00000,0x000000076e400000,0x000000076e400000)
  from space 512K, 12% used [0x000000076f400000,0x000000076f410000,0x000000076f480000)
  to   space 1024K, 0% used [0x000000076f280000,0x000000076f280000,0x000000076f380000)
 ParOldGen       total 175104K, used 428K [0x00000006c0000000, 0x00000006cab00000, 0x000000076ab00000)
  object space 175104K, 0% used [0x00000006c0000000,0x00000006c006b060,0x00000006cab00000)
 Metaspace       used 2906K, capacity 4572K, committed 4864K, reserved 1056768K
  class space    used 307K, capacity 392K, committed 512K, reserved 1048576K
Event: 43.787 GC heap after
Heap after GC invocations=11 (full 0):
 PSYoungGen      total 58368K, used 96K [0x000000076ab00000, 0x000000076f480000, 0x00000007c0000000)
  eden space 57344K, 0% used [0x000000076ab00000,0x000000076ab00000,0x000000076e300000)
  from space 1024K, 9% used [0x000000076f280000,0x000000076f298000,0x000000076f380000)
  to   space 1024K, 0% used [0x000000076f380000,0x000000076f380000,0x000000076f480000)
 ParOldGen       total 175104K, used 428K [0x00000006c0000000, 0x00000006cab00000, 0x000000076ab00000)
  object space 175104K, 0% used [0x00000006c0000000,0x00000006c006b060,0x00000006cab00000)
 Metaspace       used 2906K, capacity 4572K, committed 4864K, reserved 1056768K
  class space    used 307K, capacity 392K, committed 512K, reserved 1048576K
}
Event: 46.288 GC heap before
{Heap before GC invocations=12 (full 0):
 PSYoungGen      total 58368K, used 57440K [0x000000076ab00000, 0x000000076f480000, 0x00000007c0000000)
  eden space 57344K, 100% used [0x000000076ab00000,0x000000076e300000,0x000000076e300000)
  from space 1024K, 9% used [0x000000076f280000,0x000000076f298000,0x000000076f380000)
  to   space 1024K, 0% used [0x000000076f380000,0x000000076f380000,0x000000076f480000)
 ParOldGen       total 175104K, used 428K [0x00000006c0000000, 0x00000006cab00000, 0x000000076ab00000)
  object space 175104K, 0% used [0x00000006c0000000,0x00000006c006b060,0x00000006cab00000)
 Metaspace       used 2906K, capacity 4572K, committed 4864K, reserved 1056768K
  class space    used 307K, capacity 392K, committed 512K, reserved 1048576K
Event: 46.288 GC heap after
Heap after GC invocations=12 (full 0):
 PSYoungGen      total 56832K, used 64K [0x000000076ab00000, 0x000000076f400000, 0x00000007c0000000)
  eden space 56320K, 0% used [0x000000076ab00000,0x000000076ab00000,0x000000076e200000)
  from space 512K, 12% used [0x000000076f380000,0x000000076f390000,0x000000076f400000)
  to   space 1024K, 0% used [0x000000076f200000,0x000000076f200000,0x000000076f300000)
 ParOldGen       total 175104K, used 428K [0x00000006c0000000, 0x00000006cab00000, 0x000000076ab00000)
  object space 175104K, 0% used [0x00000006c0000000,0x00000006c006b060,0x00000006cab00000)
 Metaspace       used 2906K, capacity 4572K, committed 4864K, reserved 1056768K
  class space    used 307K, capacity 392K, committed 512K, reserved 1048576K
}
Event: 48.787 GC heap before
{Heap before GC invocations=13 (full 0):
 PSYoungGen      total 56832K, used 56384K [0x000000076ab00000, 0x000000076f400000, 0x00000007c0000000)
  eden space 56320K, 100% used [0x000000076ab00000,0x000000076e200000,0x000000076e200000)
  from space 512K, 12% used [0x000000076f380000,0x000000076f390000,0x000000076f400000)
  to   space 1024K, 0% used [0x000000076f200000,0x000000076f200000,0x000000076f300000)
 ParOldGen       total 175104K, used 428K [0x00000006c0000000, 0x00000006cab00000, 0x000000076ab00000)
  object space 175104K, 0% used [0x00000006c0000000,0x00000006c006b060,0x00000006cab00000)
 Metaspace       used 2906K, capacity 4572K, committed 4864K, reserved 1056768K
  class space    used 307K, capacity 392K, committed 512K, reserved 1048576K
Event: 48.788 GC heap after
Heap after GC invocations=13 (full 0):
 PSYoungGen      total 56320K, used 96K [0x000000076ab00000, 0x000000076f400000, 0x00000007c0000000)
  eden space 55296K, 0% used [0x000000076ab00000,0x000000076ab00000,0x000000076e100000)
  from space 1024K, 9% used [0x000000076f200000,0x000000076f218000,0x000000076f300000)
  to   space 1024K, 0% used [0x000000076f300000,0x000000076f300000,0x000000076f400000)
 ParOldGen       total 175104K, used 428K [0x00000006c0000000, 0x00000006cab00000, 0x000000076ab00000)
  object space 175104K, 0% used [0x00000006c0000000,0x00000006c006b060,0x00000006cab00000)
 Metaspace       used 2906K, capacity 4572K, committed 4864K, reserved 1056768K
  class space    used 307K, capacity 392K, committed 512K, reserved 1048576K
}
Event: 51.189 GC heap before
{Heap before GC invocations=14 (full 0):
 PSYoungGen      total 56320K, used 55392K [0x000000076ab00000, 0x000000076f400000, 0x00000007c0000000)
  eden space 55296K, 100% used [0x000000076ab00000,0x000000076e100000,0x000000076e100000)
  from space 1024K, 9% used [0x000000076f200000,0x000000076f218000,0x000000076f300000)
  to   space 1024K, 0% used [0x000000076f300000,0x000000076f300000,0x000000076f400000)
 ParOldGen       total 175104K, used 428K [0x00000006c0000000, 0x00000006cab00000, 0x000000076ab00000)
  object space 175104K, 0% used [0x00000006c0000000,0x00000006c006b060,0x00000006cab00000)
 Metaspace       used 2906K, capacity 4572K, committed 4864K, reserved 1056768K
  class space    used 307K, capacity 392K, committed 512K, reserved 1048576K
Event: 51.189 GC heap after
Heap after GC invocations=14 (full 0):
 PSYoungGen      total 54784K, used 64K [0x000000076ab00000, 0x000000076f380000, 0x00000007c0000000)
  eden space 54272K, 0% used [0x000000076ab00000,0x000000076ab00000,0x000000076e000000)
  from space 512K, 12% used [0x000000076f300000,0x000000076f310000,0x000000076f380000)
  to   space 1024K, 0% used [0x000000076f180000,0x000000076f180000,0x000000076f280000)
 ParOldGen       total 175104K, used 428K [0x00000006c0000000, 0x00000006cab00000, 0x000000076ab00000)
  object space 175104K, 0% used [0x00000006c0000000,0x00000006c006b060,0x00000006cab00000)
 Metaspace       used 2906K, capacity 4572K, committed 4864K, reserved 1056768K
  class space    used 307K, capacity 392K, committed 512K, reserved 1048576K
}
Event: 53.590 GC heap before
{Heap before GC invocations=15 (full 0):
 PSYoungGen      total 54784K, used 54336K [0x000000076ab00000, 0x000000076f380000, 0x00000007c0000000)
  eden space 54272K, 100% used [0x000000076ab00000,0x000000076e000000,0x000000076e000000)
  from space 512K, 12% used [0x000000076f300000,0x000000076f310000,0x000000076f380000)
  to   space 1024K, 0% used [0x000000076f180000,0x000000076f180000,0x000000076f280000)
 ParOldGen       total 175104K, used 428K [0x00000006c0000000, 0x00000006cab00000, 0x000000076ab00000)
  object space 175104K, 0% used [0x00000006c0000000,0x00000006c006b060,0x00000006cab00000)
 Metaspace       used 2906K, capacity 4572K, committed 4864K, reserved 1056768K
  class space    used 307K, capacity 392K, committed 512K, reserved 1048576K
Event: 53.590 GC heap after
Heap after GC invocations=15 (full 0):
 PSYoungGen      total 54272K, used 64K [0x000000076ab00000, 0x000000076f380000, 0x00000007c0000000)
  eden space 53248K, 0% used [0x000000076ab00000,0x000000076ab00000,0x000000076df00000)
  from space 1024K, 6% used [0x000000076f180000,0x000000076f190000,0x000000076f280000)
  to   space 1024K, 0% used [0x000000076f280000,0x000000076f280000,0x000000076f380000)
 ParOldGen       total 175104K, used 428K [0x00000006c0000000, 0x00000006cab00000, 0x000000076ab00000)
  object space 175104K, 0% used [0x00000006c0000000,0x00000006c006b060,0x00000006cab00000)
 Metaspace       used 2906K, capacity 4572K, committed 4864K, reserved 1056768K
  class space    used 307K, capacity 392K, committed 512K, reserved 1048576K
}

