# JRE version: Java(TM) SE Runtime Environment (8.0_60-b27) (build 1.8.0_60-b27)
# Java VM: Java HotSpot(TM) 64-Bit Server VM (25.60-b23 mixed mode bsd-amd64 compressed oops)
Heap:
 PSYoungGen      total 64512K, used 64448K [0x000000076ab00000, 0x000000076f600000, 0x00000007c0000000)
  eden space 64000K, 100% used [0x000000076ab00000,0x000000076e980000,0x000000076e980000)
  from space 512K, 87% used [0x000000076eb00000,0x000000076eb70000,0x000000076eb80000)
  to   space 1024K, 0% used [0x000000076f500000,0x000000076f500000,0x000000076f600000)
 ParOldGen       total 175104K, used 24K [0x00000006c0000000, 0x00000006cab00000, 0x000000076ab00000)
  object space 175104K, 0% used [0x00000006c0000000,0x00000006c0006000,0x00000006cab00000)
 Metaspace       used 2870K, capacity 4572K, committed 4864K, reserved 1056768K
  class space    used 306K, capacity 392K, committed 512K, reserved 1048576K
GC Heap History (10 events):
Event: 16.769 GC heap before
{Heap before GC invocations=1 (full 0):
 PSYoungGen      total 76288K, used 65536K [0x000000076ab00000, 0x0000000770000000, 0x00000007c0000000)
  eden space 65536K, 100% used [0x000000076ab00000,0x000000076eb00000,0x000000076eb00000)
  from space 10752K, 0% used [0x000000076f580000,0x000000076f580000,0x0000000770000000)
  to   space 10752K, 0% used [0x000000076eb00000,0x000000076eb00000,0x000000076f580000)
 ParOldGen       total 175104K, used 0K [0x00000006c0000000, 0x00000006cab00000, 0x000000076ab00000)
  object space 175104K, 0% used [0x00000006c0000000,0x00000006c0000000,0x00000006cab00000)
 Metaspace       used 2869K, capacity 4572K, committed 4864K, reserved 1056768K
  class space    used 306K, capacity 392K, committed 512K, reserved 1048576K
Event: 16.770 GC heap after
Heap after GC invocations=1 (full 0):
 PSYoungGen      total 76288K, used 544K [0x000000076ab00000, 0x0000000770000000, 0x00000007c0000000)
  eden space 65536K, 0% used [0x000000076ab00000,0x000000076ab00000,0x000000076eb00000)
  from space 10752K, 5% used [0x000000076eb00000,0x000000076eb88020,0x000000076f580000)
  to   space 10752K, 0% used [0x000000076f580000,0x000000076f580000,0x0000000770000000)
 ParOldGen       total 175104K, used 8K [0x00000006c0000000, 0x00000006cab00000, 0x000000076ab00000)
  object space 175104K, 0% used [0x00000006c0000000,0x00000006c0002000,0x00000006cab00000)
 Metaspace       used 2869K, capacity 4572K, committed 4864K, reserved 1056768K
  class space    used 306K, capacity 392K, committed 512K, reserved 1048576K
}
Event: 20.000 GC heap before
{Heap before GC invocations=2 (full 0):
 PSYoungGen      total 76288K, used 66080K [0x000000076ab00000, 0x0000000770000000, 0x00000007c0000000)
  eden space 65536K, 100% used [0x000000076ab00000,0x000000076eb00000,0x000000076eb00000)
  from space 10752K, 5% used [0x000000076eb00000,0x000000076eb88020,0x000000076f580000)
  to   space 10752K, 0% used [0x000000076f580000,0x000000076f580000,0x0000000770000000)
 ParOldGen       total 175104K, used 8K [0x00000006c0000000, 0x00000006cab00000, 0x000000076ab00000)
  object space 175104K, 0% used [0x00000006c0000000,0x00000006c0002000,0x00000006cab00000)
 Metaspace       used 2870K, capacity 4572K, committed 4864K, reserved 1056768K
  class space    used 306K, capacity 392K, committed 512K, reserved 1048576K
Event: 20.001 GC heap after
Heap after GC invocations=2 (full 0):
 PSYoungGen      total 76288K, used 544K [0x000000076ab00000, 0x0000000770000000, 0x00000007c0000000)
  eden space 65536K, 0% used [0x000000076ab00000,0x000000076ab00000,0x000000076eb00000)
  from space 10752K, 5% used [0x000000076f580000,0x000000076f608000,0x0000000770000000)
  to   space 10752K, 0% used [0x000000076eb00000,0x000000076eb00000,0x000000076f580000)
 ParOldGen       total 175104K, used 16K [0x00000006c0000000, 0x00000006cab00000, 0x000000076ab00000)
  object space 175104K, 0% used [0x00000006c0000000,0x00000006c0004000,0x00000006cab00000)
 Metaspace       used 2870K, capacity 4572K, committed 4864K, reserved 1056768K
  class space    used 306K, capacity 392K, committed 512K, reserved 1048576K
}
Event: 23.233 GC heap before
{Heap before GC invocations=3 (full 0):
 PSYoungGen      total 76288K, used 66080K [0x000000076ab00000, 0x0000000770000000, 0x00000007c0000000)
  eden space 65536K, 100% used [0x000000076ab00000,0x000000076eb00000,0x000000076eb00000)
  from space 10752K, 5% used [0x000000076f580000,0x000000076f608000,0x0000000770000000)
  to   space 10752K, 0% used [0x000000076eb00000,0x000000076eb00000,0x000000076f580000)
 ParOldGen       total 175104K, used 16K [0x00000006c0000000, 0x00000006cab00000, 0x000000076ab00000)
  object space 175104K, 0% used [0x00000006c0000000,0x00000006c0004000,0x00000006cab00000)
 Metaspace       used 2870K, capacity 4572K, committed 4864K, reserved 1056768K
  class space    used 306K, capacity 392K, committed 512K, reserved 1048576K
Event: 23.234 GC heap after
Heap after GC invocations=3 (full 0):
 PSYoungGen      total 76288K, used 480K [0x000000076ab00000, 0x0000000770000000, 0x00000007c0000000)
  eden space 65536K, 0% used [0x000000076ab00000,0x000000076ab00000,0x000000076eb00000)
  from space 10752K, 4% used [0x000000076eb00000,0x000000076eb78000,0x000000076f580000)
  to   space 10752K, 0% used [0x000000076f580000,0x000000076f580000,0x0000000770000000)
 ParOldGen       total 175104K, used 24K [0x00000006c0000000, 0x00000006cab00000, 0x000000076ab00000)
  object space 175104K, 0% used [0x00000006c0000000,0x00000006c0006000,0x00000006cab00000)
 Metaspace       used 2870K, capacity 4572K, committed 4864K, reserved 1056768K
  class space    used 306K, capacity 392K, committed 512K, reserved 1048576K
}
Event: 26.433 GC heap before
{Heap before GC invocations=4 (full 0):
 PSYoungGen      total 76288K, used 66016K [0x000000076ab00000, 0x0000000770000000, 0x00000007c0000000)
  eden space 65536K, 100% used [0x000000076ab00000,0x000000076eb00000,0x000000076eb00000)
  from space 10752K, 4% used [0x000000076eb00000,0x000000076eb78000,0x000000076f580000)
  to   space 10752K, 0% used [0x000000076f580000,0x000000076f580000,0x0000000770000000)
 ParOldGen       total 175104K, used 24K [0x00000006c0000000, 0x00000006cab00000, 0x000000076ab00000)
  object space 175104K, 0% used [0x00000006c0000000,0x00000006c0006000,0x00000006cab00000)
 Metaspace       used 2870K, capacity 4572K, committed 4864K, reserved 1056768K
  class space    used 306K, capacity 392K, committed 512K, reserved 1048576K
Event: 26.434 GC heap after
Heap after GC invocations=4 (full 0):
 PSYoungGen      total 76288K, used 480K [0x000000076ab00000, 0x0000000770000000, 0x00000007c0000000)
  eden space 65536K, 0% used [0x000000076ab00000,0x000000076ab00000,0x000000076eb00000)
  from space 10752K, 4% used [0x000000076f580000,0x000000076f5f8000,0x0000000770000000)
  to   space 10752K, 0% used [0x000000076eb00000,0x000000076eb00000,0x000000076f580000)
 ParOldGen       total 175104K, used 24K [0x00000006c0000000, 0x00000006cab00000, 0x000000076ab00000)
  object space 175104K, 0% used [0x00000006c0000000,0x00000006c0006000,0x00000006cab00000)
 Metaspace       used 2870K, capacity 4572K, committed 4864K, reserved 1056768K
  class space    used 306K, capacity 392K, committed 512K, reserved 1048576K
}
Event: 29.733 GC heap before
{Heap before GC invocations=5 (full 0):
 PSYoungGen      total 76288K, used 66016K [0x000000076ab00000, 0x0000000770000000, 0x00000007c0000000)
  eden space 65536K, 100% used [0x000000076ab00000,0x000000076eb00000,0x000000076eb00000)
  from space 10752K, 4% used [0x000000076f580000,0x000000076f5f8000,0x0000000770000000)
  to   space 10752K, 0% used [0x000000076eb00000,0x000000076eb00000,0x000000076f580000)
 ParOldGen       total 175104K, used 24K [0x00000006c0000000, 0x00000006cab00000, 0x000000076ab00000)
  object space 175104K, 0% used [0x00000006c0000000,0x00000006c0006000,0x00000006cab00000)
 Metaspace       used 2870K, capacity 4572K, committed 4864K, reserved 1056768K
  class space    used 306K, capacity 392K, committed 512K, reserved 1048576K
Event: 29.734 GC heap after
Heap after GC invocations=5 (full 0):
 PSYoungGen      total 64512K, used 448K [0x000000076ab00000, 0x000000076f600000, 0x00000007c0000000)
  eden space 64000K, 0% used [0x000000076ab00000,0x000000076ab00000,0x000000076e980000)
  from space 512K, 87% used [0x000000076eb00000,0x000000076eb70000,0x000000076eb80000)
  to   space 1024K, 0% used [0x000000076f500000,0x000000076f500000,0x000000076f600000)
 ParOldGen       total 175104K, used 24K [0x00000006c0000000, 0x00000006cab00000, 0x000000076ab00000)
  object space 175104K, 0% used [0x00000006c0000000,0x00000006c0006000,0x00000006cab00000)
 Metaspace       used 2870K, capacity 4572K, committed 4864K, reserved 1056768K
  class space    used 306K, capacity 392K, committed 512K, reserved 1048576K
}

