# JRE version: Java(TM) SE Runtime Environment (8.0_60-b27) (build 1.8.0_60-b27)
# Java VM: Java HotSpot(TM) 64-Bit Server VM (25.60-b23 mixed mode bsd-amd64 compressed oops)
Heap:
 PSYoungGen      total 47616K, used 47168K [0x000000076ab00000, 0x000000076f180000, 0x00000007c0000000)
  eden space 47104K, 100% used [0x000000076ab00000,0x000000076d900000,0x000000076d900000)
  from space 512K, 12% used [0x000000076f100000,0x000000076f110000,0x000000076f180000)
  to   space 512K, 0% used [0x000000076f080000,0x000000076f080000,0x000000076f100000)
 ParOldGen       total 175104K, used 380K [0x00000006c0000000, 0x00000006cab00000, 0x000000076ab00000)
  object space 175104K, 0% used [0x00000006c0000000,0x00000006c005f060,0x00000006cab00000)
 Metaspace       used 2870K, capacity 4572K, committed 4864K, reserved 1056768K
  class space    used 306K, capacity 392K, committed 512K, reserved 1048576K
GC Heap History (10 events):
Event: 66.895 GC heap before
{Heap before GC invocations=18 (full 0):
 PSYoungGen      total 52224K, used 51264K [0x000000076ab00000, 0x000000076f300000, 0x00000007c0000000)
  eden space 51200K, 100% used [0x000000076ab00000,0x000000076dd00000,0x000000076dd00000)
  from space 1024K, 6% used [0x000000076f100000,0x000000076f110000,0x000000076f200000)
  to   space 1024K, 0% used [0x000000076f200000,0x000000076f200000,0x000000076f300000)
 ParOldGen       total 175104K, used 380K [0x00000006c0000000, 0x00000006cab00000, 0x000000076ab00000)
  object space 175104K, 0% used [0x00000006c0000000,0x00000006c005f060,0x00000006cab00000)
 Metaspace       used 2870K, capacity 4572K, committed 4864K, reserved 1056768K
  class space    used 306K, capacity 392K, committed 512K, reserved 1048576K
Event: 66.895 GC heap after
Heap after GC invocations=18 (full 0):
 PSYoungGen      total 50688K, used 64K [0x000000076ab00000, 0x000000076f280000, 0x00000007c0000000)
  eden space 50176K, 0% used [0x000000076ab00000,0x000000076ab00000,0x000000076dc00000)
  from space 512K, 12% used [0x000000076f200000,0x000000076f210000,0x000000076f280000)
  to   space 1024K, 0% used [0x000000076f080000,0x000000076f080000,0x000000076f180000)
 ParOldGen       total 175104K, used 380K [0x00000006c0000000, 0x00000006cab00000, 0x000000076ab00000)
  object space 175104K, 0% used [0x00000006c0000000,0x00000006c005f060,0x00000006cab00000)
 Metaspace       used 2870K, capacity 4572K, committed 4864K, reserved 1056768K
  class space    used 306K, capacity 392K, committed 512K, reserved 1048576K
}
Event: 69.290 GC heap before
{Heap before GC invocations=19 (full 0):
 PSYoungGen      total 50688K, used 50240K [0x000000076ab00000, 0x000000076f280000, 0x00000007c0000000)
  eden space 50176K, 100% used [0x000000076ab00000,0x000000076dc00000,0x000000076dc00000)
  from space 512K, 12% used [0x000000076f200000,0x000000076f210000,0x000000076f280000)
  to   space 1024K, 0% used [0x000000076f080000,0x000000076f080000,0x000000076f180000)
 ParOldGen       total 175104K, used 380K [0x00000006c0000000, 0x00000006cab00000, 0x000000076ab00000)
  object space 175104K, 0% used [0x00000006c0000000,0x00000006c005f060,0x00000006cab00000)
 Metaspace       used 2870K, capacity 4572K, committed 4864K, reserved 1056768K
  class space    used 306K, capacity 392K, committed 512K, reserved 1048576K
Event: 69.291 GC heap after
Heap after GC invocations=19 (full 0):
 PSYoungGen      total 50176K, used 96K [0x000000076ab00000, 0x000000076f280000, 0x00000007c0000000)
  eden space 49152K, 0% used [0x000000076ab00000,0x000000076ab00000,0x000000076db00000)
  from space 1024K, 9% used [0x000000076f080000,0x000000076f098000,0x000000076f180000)
  to   space 1024K, 0% used [0x000000076f180000,0x000000076f180000,0x000000076f280000)
 ParOldGen       total 175104K, used 380K [0x00000006c0000000, 0x00000006cab00000, 0x000000076ab00000)
  object space 175104K, 0% used [0x00000006c0000000,0x00000006c005f060,0x00000006cab00000)
 Metaspace       used 2870K, capacity 4572K, committed 4864K, reserved 1056768K
  class space    used 306K, capacity 392K, committed 512K, reserved 1048576K
}
Event: 71.690 GC heap before
{Heap before GC invocations=20 (full 0):
 PSYoungGen      total 50176K, used 49248K [0x000000076ab00000, 0x000000076f280000, 0x00000007c0000000)
  eden space 49152K, 100% used [0x000000076ab00000,0x000000076db00000,0x000000076db00000)
  from space 1024K, 9% used [0x000000076f080000,0x000000076f098000,0x000000076f180000)
  to   space 1024K, 0% used [0x000000076f180000,0x000000076f180000,0x000000076f280000)
 ParOldGen       total 175104K, used 380K [0x00000006c0000000, 0x00000006cab00000, 0x000000076ab00000)
  object space 175104K, 0% used [0x00000006c0000000,0x00000006c005f060,0x00000006cab00000)
 Metaspace       used 2870K, capacity 4572K, committed 4864K, reserved 1056768K
  class space    used 306K, capacity 392K, committed 512K, reserved 1048576K
Event: 71.690 GC heap after
Heap after GC invocations=20 (full 0):
 PSYoungGen      total 48640K, used 64K [0x000000076ab00000, 0x000000076f200000, 0x00000007c0000000)
  eden space 48128K, 0% used [0x000000076ab00000,0x000000076ab00000,0x000000076da00000)
  from space 512K, 12% used [0x000000076f180000,0x000000076f190000,0x000000076f200000)
  to   space 1024K, 0% used [0x000000076f000000,0x000000076f000000,0x000000076f100000)
 ParOldGen       total 175104K, used 380K [0x00000006c0000000, 0x00000006cab00000, 0x000000076ab00000)
  object space 175104K, 0% used [0x00000006c0000000,0x00000006c005f060,0x00000006cab00000)
 Metaspace       used 2870K, capacity 4572K, committed 4864K, reserved 1056768K
  class space    used 306K, capacity 392K, committed 512K, reserved 1048576K
}
Event: 73.990 GC heap before
{Heap before GC invocations=21 (full 0):
 PSYoungGen      total 48640K, used 48192K [0x000000076ab00000, 0x000000076f200000, 0x00000007c0000000)
  eden space 48128K, 100% used [0x000000076ab00000,0x000000076da00000,0x000000076da00000)
  from space 512K, 12% used [0x000000076f180000,0x000000076f190000,0x000000076f200000)
  to   space 1024K, 0% used [0x000000076f000000,0x000000076f000000,0x000000076f100000)
 ParOldGen       total 175104K, used 380K [0x00000006c0000000, 0x00000006cab00000, 0x000000076ab00000)
  object space 175104K, 0% used [0x00000006c0000000,0x00000006c005f060,0x00000006cab00000)
 Metaspace       used 2870K, capacity 4572K, committed 4864K, reserved 1056768K
  class space    used 306K, capacity 392K, committed 512K, reserved 1048576K
Event: 73.991 GC heap after
Heap after GC invocations=21 (full 0):
 PSYoungGen      total 48640K, used 32K [0x000000076ab00000, 0x000000076f200000, 0x00000007c0000000)
  eden space 47616K, 0% used [0x000000076ab00000,0x000000076ab00000,0x000000076d980000)
  from space 1024K, 3% used [0x000000076f000000,0x000000076f008000,0x000000076f100000)
  to   space 1024K, 0% used [0x000000076f100000,0x000000076f100000,0x000000076f200000)
 ParOldGen       total 175104K, used 380K [0x00000006c0000000, 0x00000006cab00000, 0x000000076ab00000)
  object space 175104K, 0% used [0x00000006c0000000,0x00000006c005f060,0x00000006cab00000)
 Metaspace       used 2870K, capacity 4572K, committed 4864K, reserved 1056768K
  class space    used 306K, capacity 392K, committed 512K, reserved 1048576K
}
Event: 76.290 GC heap before
{Heap before GC invocations=22 (full 0):
 PSYoungGen      total 48640K, used 47648K [0x000000076ab00000, 0x000000076f200000, 0x00000007c0000000)
  eden space 47616K, 100% used [0x000000076ab00000,0x000000076d980000,0x000000076d980000)
  from space 1024K, 3% used [0x000000076f000000,0x000000076f008000,0x000000076f100000)
  to   space 1024K, 0% used [0x000000076f100000,0x000000076f100000,0x000000076f200000)
 ParOldGen       total 175104K, used 380K [0x00000006c0000000, 0x00000006cab00000, 0x000000076ab00000)
  object space 175104K, 0% used [0x00000006c0000000,0x00000006c005f060,0x00000006cab00000)
 Metaspace       used 2870K, capacity 4572K, committed 4864K, reserved 1056768K
  class space    used 306K, capacity 392K, committed 512K, reserved 1048576K
Event: 76.290 GC heap after
Heap after GC invocations=22 (full 0):
 PSYoungGen      total 47616K, used 64K [0x000000076ab00000, 0x000000076f180000, 0x00000007c0000000)
  eden space 47104K, 0% used [0x000000076ab00000,0x000000076ab00000,0x000000076d900000)
  from space 512K, 12% used [0x000000076f100000,0x000000076f110000,0x000000076f180000)
  to   space 512K, 0% used [0x000000076f080000,0x000000076f080000,0x000000076f100000)
 ParOldGen       total 175104K, used 380K [0x00000006c0000000, 0x00000006cab00000, 0x000000076ab00000)
  object space 175104K, 0% used [0x00000006c0000000,0x00000006c005f060,0x00000006cab00000)
 Metaspace       used 2870K, capacity 4572K, committed 4864K, reserved 1056768K
  class space    used 306K, capacity 392K, committed 512K, reserved 1048576K
}

